[01:33:27] [ServerMain/INFO]: Environment: Environment[sessionHost=https://sessionserver.mojang.com, servicesHost=https://api.minecraftservices.com, name=PROD]
[01:33:27] [ServerMain/INFO]: Found new data pack file/bukkit, loading it automatically
[01:33:28] [ServerMain/INFO]: No existing world data, creating new world
[01:33:29] [ServerMain/INFO]: Loaded 1174 recipes
[01:33:29] [ServerMain/INFO]: Loaded 1271 advancements
[01:33:29] [Server thread/INFO]: Starting minecraft server version 1.20.4
[01:33:29] [Server thread/INFO]: Loading properties
[01:33:30] [Server thread/INFO]: This server is running Paper version git-Paper-496 (MC: 1.20.4) (Implementing API version 1.20.4-R0.1-SNAPSHOT) (Git: 7ac24a1 on ver/1.20.4)
[01:33:30] [Server thread/INFO]: Server Ping Player Sample Count: 12
[01:33:30] [Server thread/INFO]: Using 4 threads for Netty based IO
[01:33:30] [Server thread/INFO]: [ChunkTaskScheduler] Chunk system is using 1 I/O threads, 2 worker threads, and gen parallelism of 2 threads
[01:33:31] [Server thread/WARN]: [!] The timings profiler has been enabled but has been scheduled for removal from Paper in the future.
    We recommend installing the spark profiler as a replacement: https://spark.lucko.me/
    For more information please visit: https://github.com/PaperMC/Paper/issues/8948
[01:33:31] [Server thread/INFO]: Default game type: SURVIVAL
[01:33:31] [Server thread/INFO]: Generating keypair
[01:33:31] [Server thread/INFO]: Starting Minecraft server on *:25565
[01:33:31] [Server thread/INFO]: Using default channel type
[01:33:31] [Server thread/INFO]: Paper: Using Java compression from Velocity.
[01:33:31] [Server thread/INFO]: Paper: Using Java cipher from Velocity.
[01:33:31] [Server thread/INFO]: Preparing level "world"
[01:33:37] [Server thread/INFO]: Preparing start region for dimension minecraft:overworld
[01:33:37] [Server thread/INFO]: Time elapsed: 96 ms
[01:33:37] [Server thread/INFO]: Preparing start region for dimension minecraft:the_nether
[01:33:37] [Server thread/INFO]: Time elapsed: 66 ms
[01:33:37] [Server thread/INFO]: Preparing start region for dimension minecraft:the_end
[01:33:37] [Server thread/INFO]: Time elapsed: 76 ms
[01:33:37] [Server thread/INFO]: Running delayed init tasks
[01:33:37] [Server thread/INFO]: Done (7.718s)! For help, type "help"
[01:33:37] [Server thread/INFO]: *************************************************************************************
[01:33:37] [Server thread/INFO]: This is the first time you're starting this server.
[01:33:37] [Server thread/INFO]: It's recommended you read our 'Getting Started' documentation for guidance.
[01:33:37] [Server thread/INFO]: View this and more helpful information here: https://docs.papermc.io/paper/next-steps
[01:33:37] [Server thread/INFO]: *************************************************************************************
[01:33:37] [Server thread/INFO]: Timings Reset
[01:33:43] [Server thread/INFO]: Stopping the server
[01:33:43] [Server thread/INFO]: Stopping server
[01:33:43] [Server thread/INFO]: Saving players
[01:33:43] [Server thread/INFO]: Saving worlds
[01:33:43] [Server thread/INFO]: Saving chunks for level 'ServerLevel[world]'/minecraft:overworld
[01:33:43] [Server thread/INFO]: [ChunkHolderManager] Waiting 60s for chunk system to halt for world 'world'
[01:33:43] [Server thread/INFO]: [ChunkHolderManager] Halted chunk system for world 'world'
[01:33:43] [Server thread/INFO]: [ChunkHolderManager] Saving all chunkholders for world 'world'
[01:33:45] [Server thread/INFO]: [ChunkHolderManager] Saved 1521 block chunks, 1 entity chunks, 1 poi chunks in world 'world' in 2.62s
[01:33:45] [Server thread/INFO]: ThreadedAnvilChunkStorage (world): All chunks are saved
[01:33:45] [Server thread/INFO]: Saving chunks for level 'ServerLevel[world_nether]'/minecraft:the_nether
[01:33:46] [Server thread/INFO]: [ChunkHolderManager] Waiting 60s for chunk system to halt for world 'world_nether'
[01:33:46] [Server thread/INFO]: [ChunkHolderManager] Halted chunk system for world 'world_nether'
[01:33:46] [Server thread/INFO]: [ChunkHolderManager] Saving all chunkholders for world 'world_nether'
[01:33:46] [Server thread/INFO]: [ChunkHolderManager] Saved 1681 block chunks, 1 entity chunks, 0 poi chunks in world 'world_nether' in 0.66s
[01:33:46] [Server thread/INFO]: ThreadedAnvilChunkStorage (DIM-1): All chunks are saved
[01:33:46] [Server thread/INFO]: Saving chunks for level 'ServerLevel[world_the_end]'/minecraft:the_end
[01:33:46] [Server thread/INFO]: [ChunkHolderManager] Waiting 60s for chunk system to halt for world 'world_the_end'
[01:33:46] [Server thread/INFO]: [ChunkHolderManager] Halted chunk system for world 'world_the_end'
[01:33:46] [Server thread/INFO]: [ChunkHolderManager] Saving all chunkholders for world 'world_the_end'
[01:33:47] [Server thread/INFO]: [ChunkHolderManager] Saved 2025 block chunks, 441 entity chunks, 0 poi chunks in world 'world_the_end' in 0.66s
[01:33:47] [Server thread/INFO]: ThreadedAnvilChunkStorage (DIM1): All chunks are saved
[01:33:47] [Server thread/INFO]: ThreadedAnvilChunkStorage: All dimensions are saved
[01:33:47] [Server thread/INFO]: Flushing Chunk IO
[01:33:47] [Server thread/INFO]: Closing Thread Pool
[01:33:47] [Server thread/INFO]: Closing Server
